<?xml version="1.0" encoding="UTF-8"?>
<testng-results skipped="0" failed="0" total="1" passed="1">
  <reporter-output>
  </reporter-output>
  <suite name="CucumberTestSuite" duration-ms="2030" started-at="2018-10-03T14:52:25Z" finished-at="2018-10-03T14:52:27Z">
    <groups>
      <group name="cucumber">
        <method signature="AbstractTestNGCucumberTests.feature(cucumber.api.testng.CucumberFeatureWrapper)[pri:0, instance:com.pelican.jdbc.runner.TestRunner@10bdf5e5]" name="feature" class="cucumber.api.testng.AbstractTestNGCucumberTests"/>
      </group> <!-- cucumber -->
    </groups>
    <test name="My Holiday test" duration-ms="2030" started-at="2018-10-03T14:52:25Z" finished-at="2018-10-03T14:52:27Z">
      <class name="com.pelican.jdbc.runner.TestRunner">
        <test-method status="PASS" signature="setUpClass()[pri:0, instance:com.pelican.jdbc.runner.TestRunner@10bdf5e5]" test-instance-name="" name="setUpClass" is-config="true" duration-ms="390" started-at="2018-10-03T20:22:25Z" finished-at="2018-10-03T20:22:25Z">
          <reporter-output>
          </reporter-output>
        </test-method> <!-- setUpClass -->
        <test-method name="feature" test-instance-name="" signature="feature(cucumber.api.testng.CucumberFeatureWrapper)[pri:0, instance:com.pelican.jdbc.runner.TestRunner@10bdf5e5]" status="PASS" duration-ms="1514" finished-at="2018-10-03T20:22:27Z" started-at="2018-10-03T20:22:25Z" data-provider="features" description="Runs Cucumber Feature">
          <params>
            <param index="0">
              <value>
                <![CDATA[I am going on holiday]]>
              </value>
            </param>
          </params>
          <reporter-output>
          </reporter-output>
        </test-method> <!-- feature -->
        <test-method status="PASS" signature="tearDownClass()[pri:0, instance:com.pelican.jdbc.runner.TestRunner@10bdf5e5]" test-instance-name="" name="tearDownClass" is-config="true" duration-ms="16" started-at="2018-10-03T20:22:27Z" finished-at="2018-10-03T20:22:27Z">
          <reporter-output>
          </reporter-output>
        </test-method> <!-- tearDownClass -->
      </class> <!-- com.pelican.jdbc.runner.TestRunner -->
    </test> <!-- My Holiday test -->
  </suite> <!-- CucumberTestSuite -->
</testng-results>
